
optiboot_atmega32M1_8Mhz.elf:     file format elf32-avr

Sections:
Idx Name          Size      VMA       LMA       File off  Algn
  0 .text         000001ba  00007e00  00007e00  00000074  2**1
                  CONTENTS, ALLOC, LOAD, READONLY, CODE
  1 .version      00000002  00007ffe  00007ffe  0000022e  2**0
                  CONTENTS, ALLOC, LOAD, READONLY, DATA
  2 .debug_aranges 00000028  00000000  00000000  00000230  2**0
                  CONTENTS, READONLY, DEBUGGING
  3 .debug_pubnames 00000082  00000000  00000000  00000258  2**0
                  CONTENTS, READONLY, DEBUGGING
  4 .debug_info   000003ae  00000000  00000000  000002da  2**0
                  CONTENTS, READONLY, DEBUGGING
  5 .debug_abbrev 000001c1  00000000  00000000  00000688  2**0
                  CONTENTS, READONLY, DEBUGGING
  6 .debug_line   000003c4  00000000  00000000  00000849  2**0
                  CONTENTS, READONLY, DEBUGGING
  7 .debug_frame  00000090  00000000  00000000  00000c10  2**2
                  CONTENTS, READONLY, DEBUGGING
  8 .debug_str    0000019d  00000000  00000000  00000ca0  2**0
                  CONTENTS, READONLY, DEBUGGING
  9 .debug_loc    000002bc  00000000  00000000  00000e3d  2**0
                  CONTENTS, READONLY, DEBUGGING
 10 .debug_ranges 000000c0  00000000  00000000  000010f9  2**0
                  CONTENTS, READONLY, DEBUGGING

Disassembly of section .text:

00007e00 <main>:
#define wdtVect (*(uint16_t*)(RAMSTART+SPM_PAGESIZE*2+6))
#endif


/* main program starts here */
int main(void) {
    7e00:	11 24       	eor	r1, r1
   * modified Adaboot no-wait mod.
   * Pass the reset reason to app.  Also, it appears that an Uno poweron
   * can leave multiple reset flags set; we only want the bootloader to
   * run on an 'external reset only' status
   */
  ch = MCUSR;
    7e02:	94 b7       	in	r25, 0x34	; 52
  MCUSR = 0;
    7e04:	14 be       	out	0x34, r1	; 52
  if (ch & (_BV(WDRF) | _BV(BORF) | _BV(PORF)))
    7e06:	89 2f       	mov	r24, r25
    7e08:	8d 70       	andi	r24, 0x0D	; 13
    7e0a:	11 f0       	breq	.+4      	; 0x7e10 <main+0x10>
      appStart(ch);
    7e0c:	89 2f       	mov	r24, r25
    7e0e:	cf d0       	rcall	.+414    	; 0x7fae <appStart>
  UART_SRL = (uint8_t)( (F_CPU + BAUD_RATE * 4L) / (BAUD_RATE * 8L) - 1 );
#endif
#endif

  // Set up watchdog to trigger after 500ms
  watchdogConfig(WATCHDOG_1S);
    7e10:	8e e0       	ldi	r24, 0x0E	; 14
    7e12:	b7 d0       	rcall	.+366    	; 0x7f82 <watchdogConfig>
  LED_DDR |= _BV(LED);
#endif

#ifdef SOFT_UART
  /* Set TX pin as output */
  UART_DDR |= _BV(UART_TX_BIT);
    7e14:	53 9a       	sbi	0x0a, 3	; 10
    7e16:	ee 24       	eor	r14, r14
    7e18:	ff 24       	eor	r15, r15
	     * Start the page erase and wait for it to finish.  There
	     * used to be code to do this while receiving the data over
	     * the serial link, but the performance improvement was slight,
	     * and we needed the space back.
	     */
	    __boot_page_erase_short((uint16_t)(void*)address);
    7e1a:	b3 e0       	ldi	r27, 0x03	; 3
    7e1c:	ab 2e       	mov	r10, r27
	     */
	    do {
		uint16_t a;
		a = *bufPtr++;
		a |= (*bufPtr++) << 8;
		__boot_page_fill_short((uint16_t)(void*)addrPtr,a);
    7e1e:	bb 24       	eor	r11, r11
    7e20:	b3 94       	inc	r11
	    } while (len -= 2);

	    /*
	     * Actually Write the buffer to flash (and wait for it to finish.)
	     */
	    __boot_page_write_short((uint16_t)(void*)address);
    7e22:	a5 e0       	ldi	r26, 0x05	; 5
    7e24:	da 2e       	mov	r13, r26
	    boot_spm_busy_wait();
#if defined(RWWSRE)
	    // Reenable read access to flash
	    boot_rww_enable();
    7e26:	f1 e1       	ldi	r31, 0x11	; 17
    7e28:	cf 2e       	mov	r12, r31
#endif

  /* Forever loop: exits by causing WDT reset */
  for (;;) {
    /* get character from UART */
    ch = getch();
    7e2a:	97 d0       	rcall	.+302    	; 0x7f5a <getch>

    if(ch == STK_GET_PARAMETER) {
    7e2c:	81 34       	cpi	r24, 0x41	; 65
    7e2e:	71 f4       	brne	.+28     	; 0x7e4c <main+0x4c>
      unsigned char which = getch();
    7e30:	94 d0       	rcall	.+296    	; 0x7f5a <getch>
    7e32:	08 2f       	mov	r16, r24
      verifySpace();
    7e34:	ac d0       	rcall	.+344    	; 0x7f8e <verifySpace>
      /*
       * Send optiboot version as "SW version"
       * Note that the references to memory are optimized away.
       */
      if (which == 0x82) {
    7e36:	02 38       	cpi	r16, 0x82	; 130
    7e38:	11 f4       	brne	.+4      	; 0x7e3e <main+0x3e>
	  putch(optiboot_version & 0xFF);
    7e3a:	82 e0       	ldi	r24, 0x02	; 2
    7e3c:	05 c0       	rjmp	.+10     	; 0x7e48 <main+0x48>
      } else if (which == 0x81) {
    7e3e:	01 38       	cpi	r16, 0x81	; 129
    7e40:	11 f4       	brne	.+4      	; 0x7e46 <main+0x46>
	  putch(optiboot_version >> 8);
    7e42:	86 e0       	ldi	r24, 0x06	; 6
    7e44:	01 c0       	rjmp	.+2      	; 0x7e48 <main+0x48>
      } else {
	/*
	 * GET PARAMETER returns a generic 0x03 reply for
         * other parameters - enough to keep Avrdude happy
	 */
	putch(0x03);
    7e46:	83 e0       	ldi	r24, 0x03	; 3
    7e48:	79 d0       	rcall	.+242    	; 0x7f3c <putch>
    7e4a:	75 c0       	rjmp	.+234    	; 0x7f36 <main+0x136>
      }
    }
    else if(ch == STK_SET_DEVICE) {
    7e4c:	82 34       	cpi	r24, 0x42	; 66
    7e4e:	11 f4       	brne	.+4      	; 0x7e54 <main+0x54>
      // SET DEVICE is ignored
      getNch(20);
    7e50:	84 e1       	ldi	r24, 0x14	; 20
    7e52:	03 c0       	rjmp	.+6      	; 0x7e5a <main+0x5a>
    }
    else if(ch == STK_SET_DEVICE_EXT) {
    7e54:	85 34       	cpi	r24, 0x45	; 69
    7e56:	19 f4       	brne	.+6      	; 0x7e5e <main+0x5e>
      // SET DEVICE EXT is ignored
      getNch(5);
    7e58:	85 e0       	ldi	r24, 0x05	; 5
    7e5a:	a1 d0       	rcall	.+322    	; 0x7f9e <getNch>
    7e5c:	6c c0       	rjmp	.+216    	; 0x7f36 <main+0x136>
    }
    else if(ch == STK_LOAD_ADDRESS) {
    7e5e:	85 35       	cpi	r24, 0x55	; 85
    7e60:	79 f4       	brne	.+30     	; 0x7e80 <main+0x80>
      // LOAD ADDRESS
      uint16_t newAddress;
      newAddress = getch();
    7e62:	7b d0       	rcall	.+246    	; 0x7f5a <getch>
      newAddress = (newAddress & 0xff) | (getch() << 8);
    7e64:	e8 2e       	mov	r14, r24
    7e66:	ff 24       	eor	r15, r15
    7e68:	78 d0       	rcall	.+240    	; 0x7f5a <getch>
    7e6a:	08 2f       	mov	r16, r24
    7e6c:	10 e0       	ldi	r17, 0x00	; 0
    7e6e:	10 2f       	mov	r17, r16
    7e70:	00 27       	eor	r16, r16
    7e72:	0e 29       	or	r16, r14
    7e74:	1f 29       	or	r17, r15
#ifdef RAMPZ
      // Transfer top bit to RAMPZ
      RAMPZ = (newAddress & 0x8000) ? 1 : 0;
#endif
      newAddress += newAddress; // Convert from word address to byte address
    7e76:	00 0f       	add	r16, r16
    7e78:	11 1f       	adc	r17, r17
      address = newAddress;
      verifySpace();
    7e7a:	89 d0       	rcall	.+274    	; 0x7f8e <verifySpace>
    7e7c:	78 01       	movw	r14, r16
    7e7e:	5b c0       	rjmp	.+182    	; 0x7f36 <main+0x136>
    }
    else if(ch == STK_UNIVERSAL) {
    7e80:	86 35       	cpi	r24, 0x56	; 86
    7e82:	21 f4       	brne	.+8      	; 0x7e8c <main+0x8c>
      // UNIVERSAL command is ignored
      getNch(4);
    7e84:	84 e0       	ldi	r24, 0x04	; 4
    7e86:	8b d0       	rcall	.+278    	; 0x7f9e <getNch>
      putch(0x00);
    7e88:	80 e0       	ldi	r24, 0x00	; 0
    7e8a:	de cf       	rjmp	.-68     	; 0x7e48 <main+0x48>
    }
    /* Write memory, length is big endian and is in bytes */
    else if(ch == STK_PROG_PAGE) {
    7e8c:	84 36       	cpi	r24, 0x64	; 100
    7e8e:	09 f0       	breq	.+2      	; 0x7e92 <main+0x92>
    7e90:	35 c0       	rjmp	.+106    	; 0x7efc <main+0xfc>
      // PROGRAM PAGE - we support flash programming only, not EEPROM
      uint8_t desttype;
      uint8_t *bufPtr;
      pagelen_t savelength;

      GETLENGTH(length);
    7e92:	63 d0       	rcall	.+198    	; 0x7f5a <getch>
    7e94:	62 d0       	rcall	.+196    	; 0x7f5a <getch>
    7e96:	18 2f       	mov	r17, r24
      savelength = length;
      desttype = getch();
    7e98:	60 d0       	rcall	.+192    	; 0x7f5a <getch>
    7e9a:	08 2f       	mov	r16, r24
    7e9c:	c0 e0       	ldi	r28, 0x00	; 0
    7e9e:	d1 e0       	ldi	r29, 0x01	; 1

      // read a page worth of contents
      bufPtr = buff;
      do *bufPtr++ = getch();
    7ea0:	5c d0       	rcall	.+184    	; 0x7f5a <getch>
    7ea2:	89 93       	st	Y+, r24
      while (--length);
    7ea4:	1c 17       	cp	r17, r28
    7ea6:	e1 f7       	brne	.-8      	; 0x7ea0 <main+0xa0>

      // Read command terminator, start reply
      verifySpace();
    7ea8:	72 d0       	rcall	.+228    	; 0x7f8e <verifySpace>
 * void writebuffer(memtype, buffer, address, length)
 */
static inline void writebuffer(int8_t memtype, uint8_t *mybuff,
			       uint16_t address, pagelen_t len)
{
    switch (memtype) {
    7eaa:	05 34       	cpi	r16, 0x45	; 69
    7eac:	09 f4       	brne	.+2      	; 0x7eb0 <main+0xb0>
    7eae:	ff cf       	rjmp	.-2      	; 0x7eae <main+0xae>
	     * Start the page erase and wait for it to finish.  There
	     * used to be code to do this while receiving the data over
	     * the serial link, but the performance improvement was slight,
	     * and we needed the space back.
	     */
	    __boot_page_erase_short((uint16_t)(void*)address);
    7eb0:	f7 01       	movw	r30, r14
    7eb2:	a7 be       	out	0x37, r10	; 55
    7eb4:	e8 95       	spm
	    boot_spm_busy_wait();
    7eb6:	07 b6       	in	r0, 0x37	; 55
    7eb8:	00 fc       	sbrc	r0, 0
    7eba:	fd cf       	rjmp	.-6      	; 0x7eb6 <main+0xb6>
    7ebc:	a7 01       	movw	r20, r14
    7ebe:	a0 e0       	ldi	r26, 0x00	; 0
    7ec0:	b1 e0       	ldi	r27, 0x01	; 1
	    /*
	     * Copy data from the buffer into the flash write buffer.
	     */
	    do {
		uint16_t a;
		a = *bufPtr++;
    7ec2:	2c 91       	ld	r18, X
    7ec4:	30 e0       	ldi	r19, 0x00	; 0
		a |= (*bufPtr++) << 8;
    7ec6:	11 96       	adiw	r26, 0x01	; 1
    7ec8:	8c 91       	ld	r24, X
    7eca:	11 97       	sbiw	r26, 0x01	; 1
    7ecc:	90 e0       	ldi	r25, 0x00	; 0
    7ece:	98 2f       	mov	r25, r24
    7ed0:	88 27       	eor	r24, r24
    7ed2:	82 2b       	or	r24, r18
    7ed4:	93 2b       	or	r25, r19
#define wdtVect (*(uint16_t*)(RAMSTART+SPM_PAGESIZE*2+6))
#endif


/* main program starts here */
int main(void) {
    7ed6:	12 96       	adiw	r26, 0x02	; 2
	     */
	    do {
		uint16_t a;
		a = *bufPtr++;
		a |= (*bufPtr++) << 8;
		__boot_page_fill_short((uint16_t)(void*)addrPtr,a);
    7ed8:	fa 01       	movw	r30, r20
    7eda:	0c 01       	movw	r0, r24
    7edc:	b7 be       	out	0x37, r11	; 55
    7ede:	e8 95       	spm
    7ee0:	11 24       	eor	r1, r1
		addrPtr += 2;
    7ee2:	4e 5f       	subi	r20, 0xFE	; 254
    7ee4:	5f 4f       	sbci	r21, 0xFF	; 255
	    } while (len -= 2);
    7ee6:	1a 17       	cp	r17, r26
    7ee8:	61 f7       	brne	.-40     	; 0x7ec2 <main+0xc2>

	    /*
	     * Actually Write the buffer to flash (and wait for it to finish.)
	     */
	    __boot_page_write_short((uint16_t)(void*)address);
    7eea:	f7 01       	movw	r30, r14
    7eec:	d7 be       	out	0x37, r13	; 55
    7eee:	e8 95       	spm
	    boot_spm_busy_wait();
    7ef0:	07 b6       	in	r0, 0x37	; 55
    7ef2:	00 fc       	sbrc	r0, 0
    7ef4:	fd cf       	rjmp	.-6      	; 0x7ef0 <main+0xf0>
#if defined(RWWSRE)
	    // Reenable read access to flash
	    boot_rww_enable();
    7ef6:	c7 be       	out	0x37, r12	; 55
    7ef8:	e8 95       	spm
    7efa:	1d c0       	rjmp	.+58     	; 0x7f36 <main+0x136>
      writebuffer(desttype, buff, address, savelength);


    }
    /* Read memory block mode, length is big endian.  */
    else if(ch == STK_READ_PAGE) {
    7efc:	84 37       	cpi	r24, 0x74	; 116
    7efe:	69 f4       	brne	.+26     	; 0x7f1a <main+0x11a>
      uint8_t desttype;
      GETLENGTH(length);
    7f00:	2c d0       	rcall	.+88     	; 0x7f5a <getch>
    7f02:	2b d0       	rcall	.+86     	; 0x7f5a <getch>
    7f04:	08 2f       	mov	r16, r24

      desttype = getch();
    7f06:	29 d0       	rcall	.+82     	; 0x7f5a <getch>

      verifySpace();
    7f08:	42 d0       	rcall	.+132    	; 0x7f8e <verifySpace>
    7f0a:	e7 01       	movw	r28, r14
	    __asm__ ("elpm %0,Z+\n" : "=r" (ch), "=z" (address): "1" (address));
#else
	    // read a Flash byte and increment the address
	    __asm__ ("lpm %0,Z+\n" : "=r" (ch), "=z" (address): "1" (address));
#endif
	    putch(ch);
    7f0c:	fe 01       	movw	r30, r28
    7f0e:	85 91       	lpm	r24, Z+
    7f10:	ef 01       	movw	r28, r30
    7f12:	14 d0       	rcall	.+40     	; 0x7f3c <putch>
	} while (--length);
    7f14:	01 50       	subi	r16, 0x01	; 1
    7f16:	d1 f7       	brne	.-12     	; 0x7f0c <main+0x10c>
    7f18:	0e c0       	rjmp	.+28     	; 0x7f36 <main+0x136>
	  
      read_mem(desttype, address, length);
    }

    /* Get device signature bytes  */
    else if(ch == STK_READ_SIGN) {
    7f1a:	85 37       	cpi	r24, 0x75	; 117
    7f1c:	39 f4       	brne	.+14     	; 0x7f2c <main+0x12c>
      // READ SIGN - return what Avrdude wants to hear
      verifySpace();
    7f1e:	37 d0       	rcall	.+110    	; 0x7f8e <verifySpace>
        putch(SIGNATURE_0);
    7f20:	8e e1       	ldi	r24, 0x1E	; 30
    7f22:	0c d0       	rcall	.+24     	; 0x7f3c <putch>
        putch(SIGNATURE_1);
    7f24:	85 e9       	ldi	r24, 0x95	; 149
    7f26:	0a d0       	rcall	.+20     	; 0x7f3c <putch>
        putch(SIGNATURE_2);
    7f28:	84 e8       	ldi	r24, 0x84	; 132
    7f2a:	8e cf       	rjmp	.-228    	; 0x7e48 <main+0x48>
    }
    else if (ch == STK_LEAVE_PROGMODE) { /* 'Q' */
    7f2c:	81 35       	cpi	r24, 0x51	; 81
    7f2e:	11 f4       	brne	.+4      	; 0x7f34 <main+0x134>
      // Adaboot no-wait mod
      watchdogConfig(WATCHDOG_16MS);
    7f30:	88 e0       	ldi	r24, 0x08	; 8
    7f32:	27 d0       	rcall	.+78     	; 0x7f82 <watchdogConfig>
      verifySpace();
    }
    else {
      // This covers the response to commands like STK_ENTER_PROGMODE
      verifySpace();
    7f34:	2c d0       	rcall	.+88     	; 0x7f8e <verifySpace>
    }
    putch(STK_OK);
    7f36:	80 e1       	ldi	r24, 0x10	; 16
    7f38:	01 d0       	rcall	.+2      	; 0x7f3c <putch>
    7f3a:	77 cf       	rjmp	.-274    	; 0x7e2a <main+0x2a>

00007f3c <putch>:
void putch(char ch) {
#ifndef SOFT_UART
  while (!(UART_SRA & _BV(UDRE0)));
  UART_UDR = ch;
#else
  __asm__ __volatile__ (
    7f3c:	2a e0       	ldi	r18, 0x0A	; 10
    7f3e:	30 e0       	ldi	r19, 0x00	; 0
    7f40:	80 95       	com	r24
    7f42:	08 94       	sec
    7f44:	10 f4       	brcc	.+4      	; 0x7f4a <putch+0xe>
    7f46:	5b 98       	cbi	0x0b, 3	; 11
    7f48:	02 c0       	rjmp	.+4      	; 0x7f4e <putch+0x12>
    7f4a:	5b 9a       	sbi	0x0b, 3	; 11
    7f4c:	00 00       	nop
    7f4e:	15 d0       	rcall	.+42     	; 0x7f7a <uartDelay>
    7f50:	14 d0       	rcall	.+40     	; 0x7f7a <uartDelay>
    7f52:	86 95       	lsr	r24
    7f54:	2a 95       	dec	r18
    7f56:	b1 f7       	brne	.-20     	; 0x7f44 <putch+0x8>
      [uartBit] "I" (UART_TX_BIT)
    :
      "r25"
  );
#endif
}
    7f58:	08 95       	ret

00007f5a <getch>:
}
#endif

// Watchdog functions. These are only safe with interrupts turned off.
void watchdogReset() {
  __asm__ __volatile__ (
    7f5a:	a8 95       	wdr
  LED_PIN |= _BV(LED);
#endif
#endif

  return ch;
}
    7f5c:	29 e0       	ldi	r18, 0x09	; 9
    7f5e:	30 e0       	ldi	r19, 0x00	; 0
    7f60:	4c 99       	sbic	0x09, 4	; 9
    7f62:	fe cf       	rjmp	.-4      	; 0x7f60 <getch+0x6>
    7f64:	0a d0       	rcall	.+20     	; 0x7f7a <uartDelay>
    7f66:	09 d0       	rcall	.+18     	; 0x7f7a <uartDelay>
    7f68:	08 d0       	rcall	.+16     	; 0x7f7a <uartDelay>
    7f6a:	88 94       	clc
    7f6c:	4c 99       	sbic	0x09, 4	; 9
    7f6e:	08 94       	sec
    7f70:	2a 95       	dec	r18
    7f72:	11 f0       	breq	.+4      	; 0x7f78 <getch+0x1e>
    7f74:	87 95       	ror	r24
    7f76:	f7 cf       	rjmp	.-18     	; 0x7f66 <getch+0xc>
    7f78:	08 95       	ret

00007f7a <uartDelay>:
#if UART_B_VALUE > 255
#error Baud rate too slow for soft UART
#endif

void uartDelay() {
  __asm__ __volatile__ (
    7f7a:	93 e1       	ldi	r25, 0x13	; 19
    7f7c:	9a 95       	dec	r25
    7f7e:	f1 f7       	brne	.-4      	; 0x7f7c <uartDelay+0x2>
    7f80:	08 95       	ret

00007f82 <watchdogConfig>:
    "wdr\n"
  );
}

void watchdogConfig(uint8_t x) {
  WDTCSR = _BV(WDCE) | _BV(WDE);
    7f82:	e0 e6       	ldi	r30, 0x60	; 96
    7f84:	f0 e0       	ldi	r31, 0x00	; 0
    7f86:	98 e1       	ldi	r25, 0x18	; 24
    7f88:	90 83       	st	Z, r25
  WDTCSR = x;
    7f8a:	80 83       	st	Z, r24
}
    7f8c:	08 95       	ret

00007f8e <verifySpace>:
  do getch(); while (--count);
  verifySpace();
}

void verifySpace() {
  if (getch() != CRC_EOP) {
    7f8e:	e5 df       	rcall	.-54     	; 0x7f5a <getch>
    7f90:	80 32       	cpi	r24, 0x20	; 32
    7f92:	19 f0       	breq	.+6      	; 0x7f9a <verifySpace+0xc>
    watchdogConfig(WATCHDOG_16MS);    // shorten WD timeout
    7f94:	88 e0       	ldi	r24, 0x08	; 8
    7f96:	f5 df       	rcall	.-22     	; 0x7f82 <watchdogConfig>
    7f98:	ff cf       	rjmp	.-2      	; 0x7f98 <verifySpace+0xa>
    while (1)			      // and busy-loop so that WD causes
      ;				      //  a reset and app start.
  }
  putch(STK_INSYNC);
    7f9a:	84 e1       	ldi	r24, 0x14	; 20
}
    7f9c:	cf cf       	rjmp	.-98     	; 0x7f3c <putch>

00007f9e <getNch>:
    ::[count] "M" (UART_B_VALUE)
  );
}
#endif

void getNch(uint8_t count) {
    7f9e:	1f 93       	push	r17
    7fa0:	18 2f       	mov	r17, r24
  do getch(); while (--count);
    7fa2:	db df       	rcall	.-74     	; 0x7f5a <getch>
    7fa4:	11 50       	subi	r17, 0x01	; 1
    7fa6:	e9 f7       	brne	.-6      	; 0x7fa2 <getNch+0x4>
  verifySpace();
    7fa8:	f2 df       	rcall	.-28     	; 0x7f8e <verifySpace>
}
    7faa:	1f 91       	pop	r17
    7fac:	08 95       	ret

00007fae <appStart>:

void appStart(uint8_t rstFlags) {
  // save the reset flags in the designated register
  //  This can be saved in a main program by putting code in .init0 (which
  //  executes before normal c init code) to save R2 to a global variable.
  __asm__ __volatile__ ("mov r2, %0\n" :: "r" (rstFlags));
    7fae:	28 2e       	mov	r2, r24

  watchdogConfig(WATCHDOG_OFF);
    7fb0:	80 e0       	ldi	r24, 0x00	; 0
    7fb2:	e7 df       	rcall	.-50     	; 0x7f82 <watchdogConfig>
  __asm__ __volatile__ (
    7fb4:	ee 27       	eor	r30, r30
    7fb6:	ff 27       	eor	r31, r31
    7fb8:	09 94       	ijmp
